2023-10-14T17:04:22.736+09:00  INFO 7228 --- [restartedMain] kr.co.sboard.SboardApplication           : Starting SboardApplication using Java 17.0.7 with PID 7228 (C:\Users\wjdal\OneDrive\바탕 화면\Workspace\Spring\Sboard\build\classes\java\main started by 정민 in C:\Users\wjdal\OneDrive\바탕 화면\Workspace\Spring\Sboard)
2023-10-14T17:04:22.742+09:00  INFO 7228 --- [restartedMain] kr.co.sboard.SboardApplication           : No active profile set, falling back to 1 default profile: "default"
2023-10-14T17:04:22.939+09:00  INFO 7228 --- [restartedMain] .e.DevToolsPropertyDefaultsPostProcessor : Devtools property defaults active! Set 'spring.devtools.add-properties' to 'false' to disable
2023-10-14T17:04:22.939+09:00  INFO 7228 --- [restartedMain] .e.DevToolsPropertyDefaultsPostProcessor : For additional web related logging consider setting the 'logging.level.web' property to 'DEBUG'
2023-10-14T17:04:23.534+09:00  INFO 7228 --- [restartedMain] .s.d.r.c.RepositoryConfigurationDelegate : Bootstrapping Spring Data JPA repositories in DEFAULT mode.
2023-10-14T17:04:23.587+09:00  INFO 7228 --- [restartedMain] .s.d.r.c.RepositoryConfigurationDelegate : Finished Spring Data repository scanning in 46 ms. Found 4 JPA repository interfaces.
2023-10-14T17:04:23.695+09:00  WARN 7228 --- [restartedMain] o.m.s.mapper.ClassPathMapperScanner      : No MyBatis mapper was found in '[kr.co.sboard]' package. Please check your configuration.
2023-10-14T17:04:24.240+09:00  INFO 7228 --- [restartedMain] o.s.b.w.embedded.tomcat.TomcatWebServer  : Tomcat initialized with port(s): 8080 (http)
2023-10-14T17:04:24.249+09:00  INFO 7228 --- [restartedMain] o.apache.catalina.core.StandardService   : Starting service [Tomcat]
2023-10-14T17:04:24.249+09:00  INFO 7228 --- [restartedMain] o.apache.catalina.core.StandardEngine    : Starting Servlet engine: [Apache Tomcat/10.1.13]
2023-10-14T17:04:24.332+09:00  INFO 7228 --- [restartedMain] o.a.c.c.C.[Tomcat].[localhost].[/]       : Initializing Spring embedded WebApplicationContext
2023-10-14T17:04:24.333+09:00  INFO 7228 --- [restartedMain] w.s.c.ServletWebServerApplicationContext : Root WebApplicationContext: initialization completed in 1394 ms
2023-10-14T17:04:24.522+09:00  INFO 7228 --- [restartedMain] o.hibernate.jpa.internal.util.LogHelper  : HHH000204: Processing PersistenceUnitInfo [name: default]
2023-10-14T17:04:24.583+09:00  INFO 7228 --- [restartedMain] org.hibernate.Version                    : HHH000412: Hibernate ORM core version 6.2.9.Final
2023-10-14T17:04:24.586+09:00  INFO 7228 --- [restartedMain] org.hibernate.cfg.Environment            : HHH000406: Using bytecode reflection optimizer
2023-10-14T17:04:24.759+09:00  INFO 7228 --- [restartedMain] o.h.b.i.BytecodeProviderInitiator        : HHH000021: Bytecode provider name : bytebuddy
2023-10-14T17:04:24.908+09:00  INFO 7228 --- [restartedMain] o.s.o.j.p.SpringPersistenceUnitInfo      : No LoadTimeWeaver setup: ignoring JPA class transformer
2023-10-14T17:04:24.930+09:00  INFO 7228 --- [restartedMain] com.zaxxer.hikari.HikariDataSource       : HikariPool-1 - Starting...
2023-10-14T17:04:25.483+09:00  INFO 7228 --- [restartedMain] com.zaxxer.hikari.pool.HikariPool        : HikariPool-1 - Added connection com.mysql.cj.jdbc.ConnectionImpl@27108658
2023-10-14T17:04:25.486+09:00  INFO 7228 --- [restartedMain] com.zaxxer.hikari.HikariDataSource       : HikariPool-1 - Start completed.
2023-10-14T17:04:25.596+09:00  WARN 7228 --- [restartedMain] org.hibernate.orm.deprecation            : HHH90000026: MySQL57Dialect has been deprecated; use org.hibernate.dialect.MySQLDialect instead
2023-10-14T17:04:25.766+09:00  INFO 7228 --- [restartedMain] o.h.b.i.BytecodeProviderInitiator        : HHH000021: Bytecode provider name : bytebuddy
2023-10-14T17:04:26.437+09:00  INFO 7228 --- [restartedMain] o.h.e.t.j.p.i.JtaPlatformInitiator       : HHH000490: Using JtaPlatform implementation: [org.hibernate.engine.transaction.jta.platform.internal.NoJtaPlatform]
2023-10-14T17:04:26.443+09:00  INFO 7228 --- [restartedMain] j.LocalContainerEntityManagerFactoryBean : Initialized JPA EntityManagerFactory for persistence unit 'default'
2023-10-14T17:04:27.012+09:00  WARN 7228 --- [restartedMain] JpaBaseConfiguration$JpaWebConfiguration : spring.jpa.open-in-view is enabled by default. Therefore, database queries may be performed during view rendering. Explicitly configure spring.jpa.open-in-view to disable this warning
2023-10-14T17:04:27.329+09:00  INFO 7228 --- [restartedMain] o.s.s.web.DefaultSecurityFilterChain     : Will secure any request with [org.springframework.security.web.session.DisableEncodeUrlFilter@e518d07, org.springframework.security.web.context.request.async.WebAsyncManagerIntegrationFilter@3a7e898f, org.springframework.security.web.context.SecurityContextHolderFilter@753e4f66, org.springframework.security.web.header.HeaderWriterFilter@16d89c7a, org.springframework.security.web.authentication.logout.LogoutFilter@346b3785, org.springframework.security.web.authentication.UsernamePasswordAuthenticationFilter@84e48d9, org.springframework.security.web.savedrequest.RequestCacheAwareFilter@5a357785, org.springframework.security.web.servletapi.SecurityContextHolderAwareRequestFilter@16b24f76, org.springframework.security.web.authentication.AnonymousAuthenticationFilter@5e5377ee, org.springframework.security.web.access.ExceptionTranslationFilter@31b5ba2d, org.springframework.security.web.access.intercept.AuthorizationFilter@5f6d7edc]
2023-10-14T17:04:27.720+09:00  INFO 7228 --- [restartedMain] o.s.b.d.a.OptionalLiveReloadServer       : LiveReload server is running on port 35729
2023-10-14T17:04:27.758+09:00  INFO 7228 --- [restartedMain] o.s.b.w.embedded.tomcat.TomcatWebServer  : Tomcat started on port(s): 8080 (http) with context path ''
2023-10-14T17:04:27.768+09:00  INFO 7228 --- [restartedMain] kr.co.sboard.SboardApplication           : Started SboardApplication in 5.402 seconds (process running for 5.934)
2023-10-14T17:04:33.526+09:00  INFO 7228 --- [http-nio-8080-exec-1] o.a.c.c.C.[Tomcat].[localhost].[/]       : Initializing Spring DispatcherServlet 'dispatcherServlet'
2023-10-14T17:04:33.526+09:00  INFO 7228 --- [http-nio-8080-exec-1] o.s.web.servlet.DispatcherServlet        : Initializing Servlet 'dispatcherServlet'
2023-10-14T17:04:33.527+09:00  INFO 7228 --- [http-nio-8080-exec-1] o.s.web.servlet.DispatcherServlet        : Completed initialization in 1 ms
2023-10-14T17:04:46.232+09:00  INFO 7228 --- [http-nio-8080-exec-7] k.c.s.c.article.ArticleController        : pageResponseDTO pg : 1
2023-10-14T17:04:46.234+09:00  INFO 7228 --- [http-nio-8080-exec-7] k.c.s.c.article.ArticleController        : pageResponseDTO size : 10
2023-10-14T17:04:46.234+09:00  INFO 7228 --- [http-nio-8080-exec-7] k.c.s.c.article.ArticleController        : pageResponseDTO total : 324
2023-10-14T17:04:46.234+09:00  INFO 7228 --- [http-nio-8080-exec-7] k.c.s.c.article.ArticleController        : pageResponseDTO start : 1
2023-10-14T17:04:46.235+09:00  INFO 7228 --- [http-nio-8080-exec-7] k.c.s.c.article.ArticleController        : pageResponseDTO end : 10
2023-10-14T17:04:46.236+09:00  INFO 7228 --- [http-nio-8080-exec-7] k.c.s.c.article.ArticleController        : pageResponseDTO prev : false
2023-10-14T17:04:46.236+09:00  INFO 7228 --- [http-nio-8080-exec-7] k.c.s.c.article.ArticleController        : pageResponseDTO next : true
2023-10-14T17:04:46.644+09:00  WARN 7228 --- [http-nio-8080-exec-7] n.n.u.t.e.ExpressionProcessor            : Fragment expression "/index.html" is being wrapped as a Thymeleaf 3 fragment expression (~{...}) for backwards compatibility purposes.  This wrapping will be dropped in the next major version of the expression processor, so please rewrite as a Thymeleaf 3 fragment expression to future-proof your code.  See https://github.com/thymeleaf/thymeleaf/issues/451 for more information.
2023-10-14T17:05:19.739+09:00  INFO 7228 --- [http-nio-8080-exec-6] k.c.s.c.article.ArticleController        : pageResponseDTO pg : 1
2023-10-14T17:05:19.740+09:00  INFO 7228 --- [http-nio-8080-exec-6] k.c.s.c.article.ArticleController        : pageResponseDTO size : 10
2023-10-14T17:05:19.740+09:00  INFO 7228 --- [http-nio-8080-exec-6] k.c.s.c.article.ArticleController        : pageResponseDTO total : 324
2023-10-14T17:05:19.740+09:00  INFO 7228 --- [http-nio-8080-exec-6] k.c.s.c.article.ArticleController        : pageResponseDTO start : 1
2023-10-14T17:05:19.740+09:00  INFO 7228 --- [http-nio-8080-exec-6] k.c.s.c.article.ArticleController        : pageResponseDTO end : 10
2023-10-14T17:05:19.740+09:00  INFO 7228 --- [http-nio-8080-exec-6] k.c.s.c.article.ArticleController        : pageResponseDTO prev : false
2023-10-14T17:05:19.740+09:00  INFO 7228 --- [http-nio-8080-exec-6] k.c.s.c.article.ArticleController        : pageResponseDTO next : true
2023-10-14T17:06:46.838+09:00  INFO 7228 --- [SpringApplicationShutdownHook] j.LocalContainerEntityManagerFactoryBean : Closing JPA EntityManagerFactory for persistence unit 'default'
2023-10-14T17:06:46.841+09:00  INFO 7228 --- [SpringApplicationShutdownHook] com.zaxxer.hikari.HikariDataSource       : HikariPool-1 - Shutdown initiated...
2023-10-14T17:06:47.002+09:00  INFO 7228 --- [SpringApplicationShutdownHook] com.zaxxer.hikari.HikariDataSource       : HikariPool-1 - Shutdown completed.
